/tmp/ccFfsxMK.o: In function `yyparse()':
syntax.tab.c:(.text+0x6cf): undefined reference to `yylex()'
syntax.tab.c:(.text+0x9ff): undefined reference to `sequence_stmt::sequence_stmt(statement*, statement*)'
syntax.tab.c:(.text+0xacc): undefined reference to `skip_stmt::skip_stmt()'
syntax.tab.c:(.text+0xafe): undefined reference to `test::test(cond_node*)'
syntax.tab.c:(.text+0xb37): undefined reference to `ife_stmt::ife_stmt(test*, statement*, statement*)'
syntax.tab.c:(.text+0xb69): undefined reference to `test::test(cond_node*)'
syntax.tab.c:(.text+0xb91): undefined reference to `while_stmt::while_stmt(test*, statement*)'
syntax.tab.c:(.text+0xbbf): undefined reference to `expression_stmt::expression_stmt(exp_node*)'
syntax.tab.c:(.text+0xc43): undefined reference to `assignment_stmt::assignment_stmt(std::__cxx11::basic_string<char, std::char_traits<char>, std::allocator<char> >, exp_node*)'
syntax.tab.c:(.text+0xc9d): undefined reference to `plus_node::plus_node(exp_node*, exp_node*)'
syntax.tab.c:(.text+0xcd9): undefined reference to `minus_node::minus_node(exp_node*, exp_node*)'
syntax.tab.c:(.text+0xd2b): undefined reference to `times_node::times_node(exp_node*, exp_node*)'
syntax.tab.c:(.text+0xd67): undefined reference to `divide_node::divide_node(exp_node*, exp_node*)'
syntax.tab.c:(.text+0xdc5): undefined reference to `unary_minus_node::unary_minus_node(exp_node*)'
syntax.tab.c:(.text+0xdfd): undefined reference to `number_node::number_node(float)'
syntax.tab.c:(.text+0xe5a): undefined reference to `id_node::id_node(std::__cxx11::basic_string<char, std::char_traits<char>, std::allocator<char> >)'
syntax.tab.c:(.text+0xeb4): undefined reference to `or_cond_node::or_cond_node(cond_node*, cond_node*)'
syntax.tab.c:(.text+0xf06): undefined reference to `and_cond_node::and_cond_node(cond_node*, cond_node*)'
syntax.tab.c:(.text+0xf4a): undefined reference to `neg_cond_node::neg_cond_node(cond_node*)'
syntax.tab.c:(.text+0xfa6): undefined reference to `prim_cond_node::prim_cond_node(operation, exp_node*, exp_node*)'
syntax.tab.c:(.text+0x11cc): undefined reference to `yyerror(char const*)'
syntax.tab.c:(.text+0x140e): undefined reference to `yyerror(char const*)'
/tmp/ccFfsxMK.o: In function `main':
syntax.tab.c:(.text+0x1806): undefined reference to `yyin'
collect2: error: ld returned 1 exit status
